# JRE version: Java(TM) SE Runtime Environment (8.0_112-b15) (build 1.8.0_112-b15)
# Java VM: Java HotSpot(TM) 64-Bit Server VM (25.112-b15 mixed mode windows-amd64 compressed oops)
Heap:
 PSYoungGen      total 56320K, used 30605K [0x00000007bc400000, 0x00000007c0000000, 0x00000007c0000000)
  eden space 51200K, 54% used [0x00000007bc400000,0x00000007bdf3a200,0x00000007bf600000)
  from space 5120K, 53% used [0x00000007bf600000,0x00000007bf8a92d8,0x00000007bfb00000)
  to   space 4608K, 0% used [0x00000007bfb80000,0x00000007bfb80000,0x00000007c0000000)
 ParOldGen       total 148992K, used 115839K [0x0000000700000000, 0x0000000709180000, 0x00000007bc400000)
  object space 148992K, 77% used [0x0000000700000000,0x000000070711fdf0,0x0000000709180000)
 Metaspace       used 74678K, capacity 75425K, committed 76160K, reserved 1116160K
  class space    used 9931K, capacity 10074K, committed 10112K, reserved 1048576K
GC Heap History (10 events):
Event: 98066.075 GC heap before
{Heap before GC invocations=1706 (full 261):
 PSYoungGen      total 56320K, used 53073K [0x00000007bc400000, 0x00000007c0000000, 0x00000007c0000000)
  eden space 51200K, 100% used [0x00000007bc400000,0x00000007bf600000,0x00000007bf600000)
  from space 5120K, 36% used [0x00000007bfb00000,0x00000007bfcd4578,0x00000007c0000000)
  to   space 5120K, 0% used [0x00000007bf600000,0x00000007bf600000,0x00000007bfb00000)
 ParOldGen       total 148992K, used 114606K [0x0000000700000000, 0x0000000709180000, 0x00000007bc400000)
  object space 148992K, 76% used [0x0000000700000000,0x0000000706feb838,0x0000000709180000)
 Metaspace       used 74599K, capacity 75349K, committed 75904K, reserved 1116160K
  class space    used 9918K, capacity 10072K, committed 10112K, reserved 1048576K
Event: 98066.078 GC heap after
Heap after GC invocations=1706 (full 261):
 PSYoungGen      total 56320K, used 1344K [0x00000007bc400000, 0x00000007c0000000, 0x00000007c0000000)
  eden space 51200K, 0% used [0x00000007bc400000,0x00000007bc400000,0x00000007bf600000)
  from space 5120K, 26% used [0x00000007bf600000,0x00000007bf750000,0x00000007bfb00000)
  to   space 5120K, 0% used [0x00000007bfb00000,0x00000007bfb00000,0x00000007c0000000)
 ParOldGen       total 148992K, used 115159K [0x0000000700000000, 0x0000000709180000, 0x00000007bc400000)
  object space 148992K, 77% used [0x0000000700000000,0x0000000707075dd0,0x0000000709180000)
 Metaspace       used 74599K, capacity 75349K, committed 75904K, reserved 1116160K
  class space    used 9918K, capacity 10072K, committed 10112K, reserved 1048576K
}
Event: 98070.300 GC heap before
{Heap before GC invocations=1707 (full 261):
 PSYoungGen      total 56320K, used 52544K [0x00000007bc400000, 0x00000007c0000000, 0x00000007c0000000)
  eden space 51200K, 100% used [0x00000007bc400000,0x00000007bf600000,0x00000007bf600000)
  from space 5120K, 26% used [0x00000007bf600000,0x00000007bf750000,0x00000007bfb00000)
  to   space 5120K, 0% used [0x00000007bfb00000,0x00000007bfb00000,0x00000007c0000000)
 ParOldGen       total 148992K, used 115159K [0x0000000700000000, 0x0000000709180000, 0x00000007bc400000)
  object space 148992K, 77% used [0x0000000700000000,0x0000000707075dd0,0x0000000709180000)
 Metaspace       used 74601K, capacity 75349K, committed 75904K, reserved 1116160K
  class space    used 9918K, capacity 10072K, committed 10112K, reserved 1048576K
Event: 98070.303 GC heap after
Heap after GC invocations=1707 (full 261):
 PSYoungGen      total 56320K, used 1696K [0x00000007bc400000, 0x00000007c0000000, 0x00000007c0000000)
  eden space 51200K, 0% used [0x00000007bc400000,0x00000007bc400000,0x00000007bf600000)
  from space 5120K, 33% used [0x00000007bfb00000,0x00000007bfca8000,0x00000007c0000000)
  to   space 5120K, 0% used [0x00000007bf600000,0x00000007bf600000,0x00000007bfb00000)
 ParOldGen       total 148992K, used 115247K [0x0000000700000000, 0x0000000709180000, 0x00000007bc400000)
  object space 148992K, 77% used [0x0000000700000000,0x000000070708bdd0,0x0000000709180000)
 Metaspace       used 74601K, capacity 75349K, committed 75904K, reserved 1116160K
  class space    used 9918K, capacity 10072K, committed 10112K, reserved 1048576K
}
Event: 98074.541 GC heap before
{Heap before GC invocations=1708 (full 261):
 PSYoungGen      total 56320K, used 52896K [0x00000007bc400000, 0x00000007c0000000, 0x00000007c0000000)
  eden space 51200K, 100% used [0x00000007bc400000,0x00000007bf600000,0x00000007bf600000)
  from space 5120K, 33% used [0x00000007bfb00000,0x00000007bfca8000,0x00000007c0000000)
  to   space 5120K, 0% used [0x00000007bf600000,0x00000007bf600000,0x00000007bfb00000)
 ParOldGen       total 148992K, used 115247K [0x0000000700000000, 0x0000000709180000, 0x00000007bc400000)
  object space 148992K, 77% used [0x0000000700000000,0x000000070708bdd0,0x0000000709180000)
 Metaspace       used 74607K, capacity 75349K, committed 75904K, reserved 1116160K
  class space    used 9919K, capacity 10072K, committed 10112K, reserved 1048576K
Event: 98074.545 GC heap after
Heap after GC invocations=1708 (full 261):
 PSYoungGen      total 56320K, used 3264K [0x00000007bc400000, 0x00000007c0000000, 0x00000007c0000000)
  eden space 51200K, 0% used [0x00000007bc400000,0x00000007bc400000,0x00000007bf600000)
  from space 5120K, 63% used [0x00000007bf600000,0x00000007bf930000,0x00000007bfb00000)
  to   space 5120K, 0% used [0x00000007bfb00000,0x00000007bfb00000,0x00000007c0000000)
 ParOldGen       total 148992K, used 115327K [0x0000000700000000, 0x0000000709180000, 0x00000007bc400000)
  object space 148992K, 77% used [0x0000000700000000,0x000000070709fdd0,0x0000000709180000)
 Metaspace       used 74607K, capacity 75349K, committed 75904K, reserved 1116160K
  class space    used 9919K, capacity 10072K, committed 10112K, reserved 1048576K
}
Event: 98077.195 GC heap before
{Heap before GC invocations=1709 (full 261):
 PSYoungGen      total 56320K, used 54464K [0x00000007bc400000, 0x00000007c0000000, 0x00000007c0000000)
  eden space 51200K, 100% used [0x00000007bc400000,0x00000007bf600000,0x00000007bf600000)
  from space 5120K, 63% used [0x00000007bf600000,0x00000007bf930000,0x00000007bfb00000)
  to   space 5120K, 0% used [0x00000007bfb00000,0x00000007bfb00000,0x00000007c0000000)
 ParOldGen       total 148992K, used 115327K [0x0000000700000000, 0x0000000709180000, 0x00000007bc400000)
  object space 148992K, 77% used [0x0000000700000000,0x000000070709fdd0,0x0000000709180000)
 Metaspace       used 74612K, capacity 75355K, committed 75904K, reserved 1116160K
  class space    used 9919K, capacity 10073K, committed 10112K, reserved 1048576K
Event: 98077.199 GC heap after
Heap after GC invocations=1709 (full 261):
 PSYoungGen      total 56320K, used 2660K [0x00000007bc400000, 0x00000007c0000000, 0x00000007c0000000)
  eden space 51200K, 0% used [0x00000007bc400000,0x00000007bc400000,0x00000007bf600000)
  from space 5120K, 51% used [0x00000007bfb00000,0x00000007bfd992d8,0x00000007c0000000)
  to   space 5120K, 0% used [0x00000007bf600000,0x00000007bf600000,0x00000007bfb00000)
 ParOldGen       total 148992K, used 115767K [0x0000000700000000, 0x0000000709180000, 0x00000007bc400000)
  object space 148992K, 77% used [0x0000000700000000,0x000000070710ddf0,0x0000000709180000)
 Metaspace       used 74612K, capacity 75355K, committed 75904K, reserved 1116160K
  class space    used 9919K, capacity 10073K, committed 10112K, reserved 1048576K
}
Event: 98088.110 GC heap before
{Heap before GC invocations=1710 (full 261):
 PSYoungGen      total 56320K, used 53860K [0x00000007bc400000, 0x00000007c0000000, 0x00000007c0000000)
  eden space 51200K, 100% used [0x00000007bc400000,0x00000007bf600000,0x00000007bf600000)
  from space 5120K, 51% used [0x00000007bfb00000,0x00000007bfd992d8,0x00000007c0000000)
  to   space 5120K, 0% used [0x00000007bf600000,0x00000007bf600000,0x00000007bfb00000)
 ParOldGen       total 148992K, used 115767K [0x0000000700000000, 0x0000000709180000, 0x00000007bc400000)
  object space 148992K, 77% used [0x0000000700000000,0x000000070710ddf0,0x0000000709180000)
 Metaspace       used 74612K, capacity 75355K, committed 75904K, reserved 1116160K
  class space    used 9919K, capacity 10073K, committed 10112K, reserved 1048576K
Event: 98088.113 GC heap after
Heap after GC invocations=1710 (full 261):
 PSYoungGen      total 56320K, used 2724K [0x00000007bc400000, 0x00000007c0000000, 0x00000007c0000000)
  eden space 51200K, 0% used [0x00000007bc400000,0x00000007bc400000,0x00000007bf600000)
  from space 5120K, 53% used [0x00000007bf600000,0x00000007bf8a92d8,0x00000007bfb00000)
  to   space 4608K, 0% used [0x00000007bfb80000,0x00000007bfb80000,0x00000007c0000000)
 ParOldGen       total 148992K, used 115839K [0x0000000700000000, 0x0000000709180000, 0x00000007bc400000)
  object space 148992K, 77% used [0x0000000700000000,0x000000070711fdf0,0x0000000709180000)
 Metaspace       used 74612K, capacity 75355K, committed 75904K, reserved 1116160K
  class space    used 9919K, capacity 10073K, committed 10112K, reserved 1048576K
}

